<?xml version="1.0" encoding="UTF-8"?>
<testsuite name="WebhookController" tests="4" skipped="0" failures="0" errors="0" timestamp="2026-03-10T09:45:16.713Z" hostname="caio-sabino" time="0.044">
  <properties/>
  <testcase name="deve processar IPN via query params e retornar 200" classname="com.marketplace.checkout.controller.WebhookControllerTest" time="0.012"/>
  <testcase name="deve retornar 200 quando notificação vier vazia" classname="com.marketplace.checkout.controller.WebhookControllerTest" time="0.009"/>
  <testcase name="deve manter compatibilidade na rota legada mercadopago" classname="com.marketplace.checkout.controller.WebhookControllerTest" time="0.009"/>
  <testcase name="deve processar webhook via body e retornar 200 na rota checkout" classname="com.marketplace.checkout.controller.WebhookControllerTest" time="0.014"/>
  <system-out><![CDATA[06:45:16.721 [Test worker] INFO org.springframework.mock.web.MockServletContext -- Initializing Spring TestDispatcherServlet ''
06:45:16.721 [Test worker] INFO org.springframework.test.web.servlet.TestDispatcherServlet -- Initializing Servlet ''
06:45:16.721 [Test worker] INFO org.springframework.test.web.servlet.TestDispatcherServlet -- Completed initialization in 0 ms
06:45:16.724 [Test worker] INFO com.marketplace.checkout.controller.WebhookController -- IPN received - topic: payment, id: 123456
06:45:16.724 [Test worker] INFO com.marketplace.checkout.controller.WebhookController -- Payment notification received. Payment ID: 123456
06:45:16.732 [Test worker] INFO org.springframework.mock.web.MockServletContext -- Initializing Spring TestDispatcherServlet ''
06:45:16.732 [Test worker] INFO org.springframework.test.web.servlet.TestDispatcherServlet -- Initializing Servlet ''
06:45:16.733 [Test worker] INFO org.springframework.test.web.servlet.TestDispatcherServlet -- Completed initialization in 1 ms
06:45:16.741 [Test worker] INFO org.springframework.mock.web.MockServletContext -- Initializing Spring TestDispatcherServlet ''
06:45:16.742 [Test worker] INFO org.springframework.test.web.servlet.TestDispatcherServlet -- Initializing Servlet ''
06:45:16.742 [Test worker] INFO org.springframework.test.web.servlet.TestDispatcherServlet -- Completed initialization in 0 ms
06:45:16.751 [Test worker] INFO org.springframework.mock.web.MockServletContext -- Initializing Spring TestDispatcherServlet ''
06:45:16.751 [Test worker] INFO org.springframework.test.web.servlet.TestDispatcherServlet -- Initializing Servlet ''
06:45:16.751 [Test worker] INFO org.springframework.test.web.servlet.TestDispatcherServlet -- Completed initialization in 0 ms
06:45:16.757 [Test worker] INFO com.marketplace.checkout.controller.WebhookController -- Webhook received - type: payment, action: payment.updated, dataId: 999
06:45:16.757 [Test worker] INFO com.marketplace.checkout.controller.WebhookController -- Payment webhook. Action: payment.updated, PaymentID: 999
]]></system-out>
  <system-err><![CDATA[]]></system-err>
</testsuite>
