<?xml version="1.0" encoding="UTF-8"?>
<testsuite name="DTOs" tests="7" skipped="0" failures="0" errors="0" timestamp="2026-02-22T11:59:06.178Z" hostname="caio-sabino" time="0.061">
  <properties/>
  <testcase name="CheckoutPreferenceRequest.ItemRequest - currencyId padrão é BRL" classname="com.marketplace.checkout.dto.DtoTest" time="0.044"/>
  <testcase name="ErrorResponse - builder deve preencher todos os campos" classname="com.marketplace.checkout.dto.DtoTest" time="0.01"/>
  <testcase name="CheckoutPreferenceRequest.ItemRequest - setter e getter" classname="com.marketplace.checkout.dto.DtoTest" time="0.002"/>
  <testcase name="CheckoutPreferenceRequest.BackUrlsRequest - setter e getter" classname="com.marketplace.checkout.dto.DtoTest" time="0.001"/>
  <testcase name="CheckoutPreferenceRequest.PayerRequest - setter e getter completo" classname="com.marketplace.checkout.dto.DtoTest" time="0.001"/>
  <testcase name="WebhookNotification - setter e getter completo" classname="com.marketplace.checkout.dto.DtoTest" time="0.001"/>
  <testcase name="CheckoutPreferenceResponse - builder deve preencher todos os campos" classname="com.marketplace.checkout.dto.DtoTest" time="0.001"/>
  <system-out><![CDATA[]]></system-out>
  <system-err><![CDATA[]]></system-err>
</testsuite>
