<?xml version="1.0" encoding="UTF-8"?>
<testsuite name="createPreference" tests="14" skipped="0" failures="0" errors="0" timestamp="2026-03-10T09:45:17.403Z" hostname="caio-sabino" time="0.055">
  <properties/>
  <testcase name="deve criar preferência com múltiplos itens" classname="com.marketplace.checkout.service.CheckoutServiceTest$CreatePreferenceEntity" time="0.005"/>
  <testcase name="deve criar preferência com backUrls" classname="com.marketplace.checkout.service.CheckoutServiceTest$CreatePreferenceEntity" time="0.003"/>
  <testcase name="deve criar preferência com payer sem phone e sem address" classname="com.marketplace.checkout.service.CheckoutServiceTest$CreatePreferenceEntity" time="0.004"/>
  <testcase name="deve criar preferência sem notificationUrl (ambas em branco)" classname="com.marketplace.checkout.service.CheckoutServiceTest$CreatePreferenceEntity" time="0.003"/>
  <testcase name="deve criar preferência com autoReturn null" classname="com.marketplace.checkout.service.CheckoutServiceTest$CreatePreferenceEntity" time="0.002"/>
  <testcase name="deve criar preferência com autoReturn false" classname="com.marketplace.checkout.service.CheckoutServiceTest$CreatePreferenceEntity" time="0.002"/>
  <testcase name="deve criar preferência com sucesso - request mínimo (sem payer)" classname="com.marketplace.checkout.service.CheckoutServiceTest$CreatePreferenceEntity" time="0.002"/>
  <testcase name="deve chamar o client exatamente uma vez" classname="com.marketplace.checkout.service.CheckoutServiceTest$CreatePreferenceEntity" time="0.003"/>
  <testcase name="deve criar preferência com payer completo e salvar no repositório" classname="com.marketplace.checkout.service.CheckoutServiceTest$CreatePreferenceEntity" time="0.006"/>
  <testcase name="deve usar notificationUrl do request quando fornecida" classname="com.marketplace.checkout.service.CheckoutServiceTest$CreatePreferenceEntity" time="0.003"/>
  <testcase name="deve usar defaultNotificationUrl quando request não tem url" classname="com.marketplace.checkout.service.CheckoutServiceTest$CreatePreferenceEntity" time="0.003"/>
  <testcase name="deve lançar CheckoutException com status 500 quando MPException ocorre" classname="com.marketplace.checkout.service.CheckoutServiceTest$CreatePreferenceEntity" time="0.007"/>
  <testcase name="deve lançar CheckoutException quando MPApiException ocorre" classname="com.marketplace.checkout.service.CheckoutServiceTest$CreatePreferenceEntity" time="0.004"/>
  <testcase name="não deve chamar o repositório quando payer é nulo" classname="com.marketplace.checkout.service.CheckoutServiceTest$CreatePreferenceEntity" time="0.004"/>
  <system-out><![CDATA[06:45:17.406 [Test worker] INFO com.marketplace.checkout.service.CheckoutService -- Creating Mercado Pago preference for externalRef: null
06:45:17.408 [Test worker] INFO com.marketplace.checkout.service.CheckoutService -- Preference created successfully. ID: PREF-123
06:45:17.410 [Test worker] INFO com.marketplace.checkout.service.CheckoutService -- Creating Mercado Pago preference for externalRef: ORDER-001
06:45:17.411 [Test worker] INFO com.marketplace.checkout.service.CheckoutService -- Preference created successfully. ID: PREF-123
06:45:17.414 [Test worker] INFO com.marketplace.checkout.service.CheckoutService -- Creating Mercado Pago preference for externalRef: ORDER-001
06:45:17.415 [Test worker] INFO com.marketplace.checkout.service.CheckoutService -- Preference created successfully. ID: PREF-123
06:45:17.418 [Test worker] INFO com.marketplace.checkout.service.CheckoutService -- Creating Mercado Pago preference for externalRef: ORDER-001
06:45:17.418 [Test worker] INFO com.marketplace.checkout.service.CheckoutService -- Preference created successfully. ID: PREF-123
06:45:17.421 [Test worker] INFO com.marketplace.checkout.service.CheckoutService -- Creating Mercado Pago preference for externalRef: ORDER-001
06:45:17.421 [Test worker] INFO com.marketplace.checkout.service.CheckoutService -- Preference created successfully. ID: PREF-123
06:45:17.423 [Test worker] INFO com.marketplace.checkout.service.CheckoutService -- Creating Mercado Pago preference for externalRef: ORDER-001
06:45:17.424 [Test worker] INFO com.marketplace.checkout.service.CheckoutService -- Preference created successfully. ID: PREF-123
06:45:17.426 [Test worker] INFO com.marketplace.checkout.service.CheckoutService -- Creating Mercado Pago preference for externalRef: ORDER-001
06:45:17.426 [Test worker] INFO com.marketplace.checkout.service.CheckoutService -- Preference created successfully. ID: PREF-123
06:45:17.429 [Test worker] INFO com.marketplace.checkout.service.CheckoutService -- Creating Mercado Pago preference for externalRef: ORDER-001
06:45:17.429 [Test worker] INFO com.marketplace.checkout.service.CheckoutService -- Preference created successfully. ID: PREF-123
06:45:17.432 [Test worker] INFO com.marketplace.checkout.service.CheckoutService -- Creating Mercado Pago preference for externalRef: ORDER-001
06:45:17.435 [Test worker] INFO com.marketplace.checkout.service.CheckoutService -- Preference created successfully. ID: PREF-123
06:45:17.438 [Test worker] INFO com.marketplace.checkout.service.CheckoutService -- Creating Mercado Pago preference for externalRef: ORDER-001
06:45:17.439 [Test worker] INFO com.marketplace.checkout.service.CheckoutService -- Preference created successfully. ID: PREF-123
06:45:17.442 [Test worker] INFO com.marketplace.checkout.service.CheckoutService -- Creating Mercado Pago preference for externalRef: ORDER-001
06:45:17.442 [Test worker] INFO com.marketplace.checkout.service.CheckoutService -- Preference created successfully. ID: PREF-123
06:45:17.448 [Test worker] INFO com.marketplace.checkout.service.CheckoutService -- Creating Mercado Pago preference for externalRef: ORDER-001
06:45:17.449 [Test worker] ERROR com.marketplace.checkout.service.CheckoutService -- Mercado Pago SDK error: SDK error
06:45:17.453 [Test worker] INFO com.marketplace.checkout.service.CheckoutService -- Creating Mercado Pago preference for externalRef: ORDER-001
06:45:17.454 [Test worker] ERROR com.marketplace.checkout.service.CheckoutService -- Mercado Pago API error: status=401, message=Unauthorized, details=[Sem corpo de resposta da API.]
06:45:17.458 [Test worker] INFO com.marketplace.checkout.service.CheckoutService -- Creating Mercado Pago preference for externalRef: ORDER-001
06:45:17.458 [Test worker] INFO com.marketplace.checkout.service.CheckoutService -- Preference created successfully. ID: PREF-123
]]></system-out>
  <system-err><![CDATA[]]></system-err>
</testsuite>
