<?xml version="1.0" encoding="UTF-8"?>
<testsuite name="POST /api/webhooks/mercadopago" tests="8" skipped="0" failures="0" errors="0" timestamp="2026-02-22T12:42:58.588Z" hostname="caio-sabino" time="0.137">
  <properties/>
  <testcase name="deve retornar 200 para webhook com body de tipo não-payment" classname="com.marketplace.checkout.controller.WebhookControllerTest$PostWebhook" time="0.026"/>
  <testcase name="deve retornar 200 para notificação IPN de merchant_order" classname="com.marketplace.checkout.controller.WebhookControllerTest$PostWebhook" time="0.015"/>
  <testcase name="deve retornar 200 para IPN com topic desconhecido" classname="com.marketplace.checkout.controller.WebhookControllerTest$PostWebhook" time="0.013"/>
  <testcase name="deve retornar 200 para notificação IPN de pagamento" classname="com.marketplace.checkout.controller.WebhookControllerTest$PostWebhook" time="0.012"/>
  <testcase name="deve retornar 200 para webhook com body de payment sem data" classname="com.marketplace.checkout.controller.WebhookControllerTest$PostWebhook" time="0.015"/>
  <testcase name="deve priorizar IPN params quando ambos estão presentes" classname="com.marketplace.checkout.controller.WebhookControllerTest$PostWebhook" time="0.012"/>
  <testcase name="deve retornar 200 para webhook com body de pagamento" classname="com.marketplace.checkout.controller.WebhookControllerTest$PostWebhook" time="0.014"/>
  <testcase name="deve retornar 200 para body vazio (sem IPN params e sem body)" classname="com.marketplace.checkout.controller.WebhookControllerTest$PostWebhook" time="0.01"/>
  <system-out><![CDATA[2026-02-22T09:42:58.214-03:00  INFO 42229 --- [    Test worker] t.c.s.AnnotationConfigContextLoaderUtils : Could not detect default configuration classes for test class [com.marketplace.checkout.controller.WebhookControllerTest$PostWebhook]: PostWebhook does not declare any static, non-private, non-final, nested classes annotated with @Configuration.
2026-02-22T09:42:58.225-03:00  INFO 42229 --- [    Test worker] .b.t.c.SpringBootTestContextBootstrapper : Found @SpringBootConfiguration com.marketplace.checkout.CheckoutApplication for test class com.marketplace.checkout.controller.WebhookControllerTest$PostWebhook

  .   ____          _            __ _ _
 /\\ / ___'_ __ _ _(_)_ __  __ _ \ \ \ \
( ( )\___ | '_ | '_| | '_ \/ _` | \ \ \ \
 \\/  ___)| |_)| | | | | || (_| |  ) ) ) )
  '  |____| .__|_| |_|_| |_\__, | / / / /
 =========|_|==============|___/=/_/_/_/

 :: Spring Boot ::                (v3.4.2)

2026-02-22T09:42:58.265-03:00  INFO 42229 --- [    Test worker] c.m.c.controller.WebhookControllerTest   : Starting WebhookControllerTest using Java 21.0.10 with PID 42229 (started by caio in /home/caio/Documentos/Projects/mercadopago-checkout)
2026-02-22T09:42:58.265-03:00  INFO 42229 --- [    Test worker] c.m.c.controller.WebhookControllerTest   : No active profile set, falling back to 1 default profile: "default"
2026-02-22T09:42:58.573-03:00  INFO 42229 --- [    Test worker] o.s.b.t.m.w.SpringBootMockServletContext : Initializing Spring TestDispatcherServlet ''
2026-02-22T09:42:58.573-03:00  INFO 42229 --- [    Test worker] o.s.t.web.servlet.TestDispatcherServlet  : Initializing Servlet ''
2026-02-22T09:42:58.574-03:00  INFO 42229 --- [    Test worker] o.s.t.web.servlet.TestDispatcherServlet  : Completed initialization in 1 ms
2026-02-22T09:42:58.584-03:00  INFO 42229 --- [    Test worker] c.m.c.controller.WebhookControllerTest   : Started WebhookControllerTest in 0.355 seconds (process running for 6.655)
2026-02-22T09:42:58.608-03:00  INFO 42229 --- [    Test worker] c.m.c.controller.WebhookController       : Webhook received - type: subscription, action: subscription.authorized, dataId: N/A
2026-02-22T09:42:58.622-03:00  INFO 42229 --- [    Test worker] c.m.c.controller.WebhookController       : IPN received - topic: merchant_order, id: ORDER-001
2026-02-22T09:42:58.623-03:00  INFO 42229 --- [    Test worker] c.m.c.controller.WebhookController       : Merchant order notification. Order ID: ORDER-001
2026-02-22T09:42:58.642-03:00  INFO 42229 --- [    Test worker] c.m.c.controller.WebhookController       : IPN received - topic: unknown_topic, id: XYZ-001
2026-02-22T09:42:58.642-03:00  WARN 42229 --- [    Test worker] c.m.c.controller.WebhookController       : Unknown IPN topic: unknown_topic
2026-02-22T09:42:58.657-03:00  INFO 42229 --- [    Test worker] c.m.c.controller.WebhookController       : IPN received - topic: payment, id: PAY-001
2026-02-22T09:42:58.657-03:00  INFO 42229 --- [    Test worker] c.m.c.controller.WebhookController       : Payment notification received. Payment ID: PAY-001
2026-02-22T09:42:58.674-03:00  INFO 42229 --- [    Test worker] c.m.c.controller.WebhookController       : Webhook received - type: payment, action: payment.created, dataId: N/A
2026-02-22T09:42:58.674-03:00  INFO 42229 --- [    Test worker] c.m.c.controller.WebhookController       : Payment webhook. Action: payment.created, PaymentID: null
2026-02-22T09:42:58.689-03:00  INFO 42229 --- [    Test worker] c.m.c.controller.WebhookController       : IPN received - topic: payment, id: PAY-001
2026-02-22T09:42:58.689-03:00  INFO 42229 --- [    Test worker] c.m.c.controller.WebhookController       : Payment notification received. Payment ID: PAY-001
2026-02-22T09:42:58.706-03:00  INFO 42229 --- [    Test worker] c.m.c.controller.WebhookController       : Webhook received - type: payment, action: payment.updated, dataId: PAY-99999
2026-02-22T09:42:58.707-03:00  INFO 42229 --- [    Test worker] c.m.c.controller.WebhookController       : Payment webhook. Action: payment.updated, PaymentID: PAY-99999
]]></system-out>
  <system-err><![CDATA[]]></system-err>
</testsuite>
