<?xml version="1.0" encoding="UTF-8"?>
<testsuite name="GET /api/checkout/preferences/{id}" tests="3" skipped="0" failures="0" errors="0" timestamp="2026-02-22T12:42:57.271Z" hostname="caio-sabino" time="0.382">
  <properties/>
  <testcase name="deve retornar 200 com a preferência pelo ID" classname="com.marketplace.checkout.controller.CheckoutControllerTest$GetPreferences" time="0.283"/>
  <testcase name="deve retornar 404 quando preferência não existe" classname="com.marketplace.checkout.controller.CheckoutControllerTest$GetPreferences" time="0.059"/>
  <testcase name="deve retornar 500 em caso de erro interno ao buscar preferência" classname="com.marketplace.checkout.controller.CheckoutControllerTest$GetPreferences" time="0.025"/>
  <system-out><![CDATA[09:42:53.471 [Test worker] INFO org.springframework.test.context.support.AnnotationConfigContextLoaderUtils -- Could not detect default configuration classes for test class [com.marketplace.checkout.controller.CheckoutControllerTest$GetPreferences]: GetPreferences does not declare any static, non-private, non-final, nested classes annotated with @Configuration.
09:42:53.494 [Test worker] INFO org.springframework.boot.test.context.SpringBootTestContextBootstrapper -- Found @SpringBootConfiguration com.marketplace.checkout.CheckoutApplication for test class com.marketplace.checkout.controller.CheckoutControllerTest$GetPreferences

  .   ____          _            __ _ _
 /\\ / ___'_ __ _ _(_)_ __  __ _ \ \ \ \
( ( )\___ | '_ | '_| | '_ \/ _` | \ \ \ \
 \\/  ___)| |_)| | | | | || (_| |  ) ) ) )
  '  |____| .__|_| |_|_| |_\__, | / / / /
 =========|_|==============|___/=/_/_/_/

 :: Spring Boot ::                (v3.4.2)

2026-02-22T09:42:54.180-03:00  INFO 42229 --- [    Test worker] c.m.c.controller.CheckoutControllerTest  : Starting CheckoutControllerTest using Java 21.0.10 with PID 42229 (started by caio in /home/caio/Documentos/Projects/mercadopago-checkout)
2026-02-22T09:42:54.185-03:00  INFO 42229 --- [    Test worker] c.m.c.controller.CheckoutControllerTest  : No active profile set, falling back to 1 default profile: "default"
2026-02-22T09:42:57.200-03:00  INFO 42229 --- [    Test worker] o.s.b.t.m.w.SpringBootMockServletContext : Initializing Spring TestDispatcherServlet ''
2026-02-22T09:42:57.201-03:00  INFO 42229 --- [    Test worker] o.s.t.web.servlet.TestDispatcherServlet  : Initializing Servlet ''
2026-02-22T09:42:57.205-03:00  INFO 42229 --- [    Test worker] o.s.t.web.servlet.TestDispatcherServlet  : Completed initialization in 2 ms
2026-02-22T09:42:57.251-03:00  INFO 42229 --- [    Test worker] c.m.c.controller.CheckoutControllerTest  : Started CheckoutControllerTest in 3.679 seconds (process running for 5.322)
2026-02-22T09:42:57.395-03:00  INFO 42229 --- [    Test worker] c.m.c.controller.CheckoutController      : GET /api/checkout/preferences/PREF-123
2026-02-22T09:42:57.575-03:00  INFO 42229 --- [    Test worker] c.m.c.controller.CheckoutController      : GET /api/checkout/preferences/PREF-INVALID
2026-02-22T09:42:57.585-03:00 ERROR 42229 --- [    Test worker] c.m.c.exception.GlobalExceptionHandler   : Checkout error: Preference not found
2026-02-22T09:42:57.640-03:00  INFO 42229 --- [    Test worker] c.m.c.controller.CheckoutController      : GET /api/checkout/preferences/PREF-ANY
2026-02-22T09:42:57.644-03:00 ERROR 42229 --- [    Test worker] c.m.c.exception.GlobalExceptionHandler   : Checkout error: Error fetching preference
]]></system-out>
  <system-err><![CDATA[Mockito is currently self-attaching to enable the inline-mock-maker. This will no longer work in future releases of the JDK. Please add Mockito as an agent to your build what is described in Mockito's documentation: https://javadoc.io/doc/org.mockito/mockito-core/latest/org/mockito/Mockito.html#0.3
WARNING: A Java agent has been loaded dynamically (/home/caio/.gradle/caches/modules-2/files-2.1/net.bytebuddy/byte-buddy-agent/1.15.11/a38b16385e867f59a641330f0362ebe742788ed8/byte-buddy-agent-1.15.11.jar)
WARNING: If a serviceability tool is in use, please run with -XX:+EnableDynamicAgentLoading to hide this warning
WARNING: If a serviceability tool is not in use, please run with -Djdk.instrument.traceUsage for more information
WARNING: Dynamic loading of agents will be disallowed by default in a future release
]]></system-err>
</testsuite>
