<?xml version="1.0" encoding="UTF-8"?>
<testsuite name="createPixPayment" tests="6" skipped="0" failures="0" errors="0" timestamp="2026-03-10T09:45:17.093Z" hostname="caio-sabino" time="0.292">
  <properties/>
  <testcase name="deve mapear erro inesperado do client pix gov para status 500" classname="com.marketplace.checkout.service.CheckoutServiceTest$CreatePixPaymentEntity" time="0.213"/>
  <testcase name="deve propagar CheckoutException do client pix gov" classname="com.marketplace.checkout.service.CheckoutServiceTest$CreatePixPaymentEntity" time="0.005"/>
  <testcase name="deve usar provider gov quando configurado" classname="com.marketplace.checkout.service.CheckoutServiceTest$CreatePixPaymentEntity" time="0.008"/>
  <testcase name="deve mapear MPException no fluxo pix mercado pago" classname="com.marketplace.checkout.service.CheckoutServiceTest$CreatePixPaymentEntity" time="0.026"/>
  <testcase name="deve mapear MPApiException no fluxo pix mercado pago" classname="com.marketplace.checkout.service.CheckoutServiceTest$CreatePixPaymentEntity" time="0.027"/>
  <testcase name="deve criar pagamento pix com sucesso usando Mercado Pago por padrão" classname="com.marketplace.checkout.service.CheckoutServiceTest$CreatePixPaymentEntity" time="0.009"/>
  <system-out><![CDATA[06:45:17.294 [Test worker] INFO com.marketplace.checkout.service.CheckoutService -- Creating Pix payment with provider=gov for externalRef=ORDER-PIX-1
06:45:17.295 [Test worker] ERROR com.marketplace.checkout.service.CheckoutService -- Pix Gov integration error: connection reset
06:45:17.311 [Test worker] INFO com.marketplace.checkout.service.CheckoutService -- Creating Pix payment with provider=gov for externalRef=ORDER-PIX-1
06:45:17.318 [Test worker] INFO com.marketplace.checkout.service.CheckoutService -- Creating Pix payment with provider=gov for externalRef=ORDER-PIX-1
06:45:17.345 [Test worker] INFO com.marketplace.checkout.service.CheckoutService -- Creating Pix payment with provider=mercadopago for externalRef=ORDER-PIX-1
06:45:17.347 [Test worker] ERROR com.marketplace.checkout.service.CheckoutService -- Mercado Pago Pix SDK error: SDK error
06:45:17.374 [Test worker] INFO com.marketplace.checkout.service.CheckoutService -- Creating Pix payment with provider=mercadopago for externalRef=ORDER-PIX-1
06:45:17.375 [Test worker] ERROR com.marketplace.checkout.service.CheckoutService -- Mercado Pago Pix API error: status=401, message=Unauthorized, details=[Sem corpo de resposta da API.]
06:45:17.383 [Test worker] INFO com.marketplace.checkout.service.CheckoutService -- Creating Pix payment with provider=mercadopago for externalRef=ORDER-PIX-1
]]></system-out>
  <system-err><![CDATA[]]></system-err>
</testsuite>
