<?xml version="1.0" encoding="UTF-8"?>
<testsuite name="createPreference" tests="14" skipped="0" failures="0" errors="0" timestamp="2026-02-27T01:54:37.648Z" hostname="caio-sabino" time="0.134">
  <properties/>
  <testcase name="deve criar preferência com múltiplos itens" classname="com.marketplace.checkout.service.CheckoutServiceTest$CreatePreference" time="0.01"/>
  <testcase name="deve criar preferência com backUrls" classname="com.marketplace.checkout.service.CheckoutServiceTest$CreatePreference" time="0.009"/>
  <testcase name="deve criar preferência com payer sem phone e sem address" classname="com.marketplace.checkout.service.CheckoutServiceTest$CreatePreference" time="0.009"/>
  <testcase name="deve criar preferência sem notificationUrl (ambas em branco)" classname="com.marketplace.checkout.service.CheckoutServiceTest$CreatePreference" time="0.031"/>
  <testcase name="deve criar preferência com autoReturn null" classname="com.marketplace.checkout.service.CheckoutServiceTest$CreatePreference" time="0.005"/>
  <testcase name="deve criar preferência com autoReturn false" classname="com.marketplace.checkout.service.CheckoutServiceTest$CreatePreference" time="0.01"/>
  <testcase name="deve criar preferência com sucesso - request mínimo (sem payer)" classname="com.marketplace.checkout.service.CheckoutServiceTest$CreatePreference" time="0.007"/>
  <testcase name="deve chamar o client exatamente uma vez" classname="com.marketplace.checkout.service.CheckoutServiceTest$CreatePreference" time="0.011"/>
  <testcase name="deve criar preferência com payer completo e salvar no repositório" classname="com.marketplace.checkout.service.CheckoutServiceTest$CreatePreference" time="0.007"/>
  <testcase name="deve usar notificationUrl do request quando fornecida" classname="com.marketplace.checkout.service.CheckoutServiceTest$CreatePreference" time="0.004"/>
  <testcase name="deve usar defaultNotificationUrl quando request não tem url" classname="com.marketplace.checkout.service.CheckoutServiceTest$CreatePreference" time="0.006"/>
  <testcase name="deve lançar CheckoutException com status 500 quando MPException ocorre" classname="com.marketplace.checkout.service.CheckoutServiceTest$CreatePreference" time="0.006"/>
  <testcase name="deve lançar CheckoutException quando MPApiException ocorre" classname="com.marketplace.checkout.service.CheckoutServiceTest$CreatePreference" time="0.005"/>
  <testcase name="não deve chamar o repositório quando payer é nulo" classname="com.marketplace.checkout.service.CheckoutServiceTest$CreatePreference" time="0.004"/>
  <system-out><![CDATA[22:54:37.653 [Test worker] INFO com.marketplace.checkout.service.CheckoutService -- Creating Mercado Pago preference for externalRef: null
22:54:37.657 [Test worker] INFO com.marketplace.checkout.service.CheckoutService -- Preference created successfully. ID: PREF-123
22:54:37.665 [Test worker] INFO com.marketplace.checkout.service.CheckoutService -- Creating Mercado Pago preference for externalRef: ORDER-001
22:54:37.667 [Test worker] INFO com.marketplace.checkout.service.CheckoutService -- Preference created successfully. ID: PREF-123
22:54:37.673 [Test worker] INFO com.marketplace.checkout.service.CheckoutService -- Creating Mercado Pago preference for externalRef: ORDER-001
22:54:37.675 [Test worker] INFO com.marketplace.checkout.service.CheckoutService -- Preference created successfully. ID: PREF-123
22:54:37.708 [Test worker] INFO com.marketplace.checkout.service.CheckoutService -- Creating Mercado Pago preference for externalRef: ORDER-001
22:54:37.709 [Test worker] INFO com.marketplace.checkout.service.CheckoutService -- Preference created successfully. ID: PREF-123
22:54:37.714 [Test worker] INFO com.marketplace.checkout.service.CheckoutService -- Creating Mercado Pago preference for externalRef: ORDER-001
22:54:37.715 [Test worker] INFO com.marketplace.checkout.service.CheckoutService -- Preference created successfully. ID: PREF-123
22:54:37.726 [Test worker] INFO com.marketplace.checkout.service.CheckoutService -- Creating Mercado Pago preference for externalRef: ORDER-001
22:54:37.727 [Test worker] INFO com.marketplace.checkout.service.CheckoutService -- Preference created successfully. ID: PREF-123
22:54:37.731 [Test worker] INFO com.marketplace.checkout.service.CheckoutService -- Creating Mercado Pago preference for externalRef: ORDER-001
22:54:37.732 [Test worker] INFO com.marketplace.checkout.service.CheckoutService -- Preference created successfully. ID: PREF-123
22:54:37.739 [Test worker] INFO com.marketplace.checkout.service.CheckoutService -- Creating Mercado Pago preference for externalRef: ORDER-001
22:54:37.739 [Test worker] INFO com.marketplace.checkout.service.CheckoutService -- Preference created successfully. ID: PREF-123
22:54:37.750 [Test worker] INFO com.marketplace.checkout.service.CheckoutService -- Creating Mercado Pago preference for externalRef: ORDER-001
22:54:37.753 [Test worker] INFO com.marketplace.checkout.service.CheckoutService -- Preference created successfully. ID: PREF-123
22:54:37.757 [Test worker] INFO com.marketplace.checkout.service.CheckoutService -- Creating Mercado Pago preference for externalRef: ORDER-001
22:54:37.758 [Test worker] INFO com.marketplace.checkout.service.CheckoutService -- Preference created successfully. ID: PREF-123
22:54:37.764 [Test worker] INFO com.marketplace.checkout.service.CheckoutService -- Creating Mercado Pago preference for externalRef: ORDER-001
22:54:37.764 [Test worker] INFO com.marketplace.checkout.service.CheckoutService -- Preference created successfully. ID: PREF-123
22:54:37.769 [Test worker] INFO com.marketplace.checkout.service.CheckoutService -- Creating Mercado Pago preference for externalRef: ORDER-001
22:54:37.770 [Test worker] ERROR com.marketplace.checkout.service.CheckoutService -- Mercado Pago SDK error: SDK error
22:54:37.776 [Test worker] INFO com.marketplace.checkout.service.CheckoutService -- Creating Mercado Pago preference for externalRef: ORDER-001
22:54:37.776 [Test worker] ERROR com.marketplace.checkout.service.CheckoutService -- Mercado Pago API error: status=401, message=Unauthorized
22:54:37.780 [Test worker] INFO com.marketplace.checkout.service.CheckoutService -- Creating Mercado Pago preference for externalRef: ORDER-001
22:54:37.781 [Test worker] INFO com.marketplace.checkout.service.CheckoutService -- Preference created successfully. ID: PREF-123
]]></system-out>
  <system-err><![CDATA[]]></system-err>
</testsuite>
