<?xml version="1.0" encoding="UTF-8"?>
<testsuite name="createPreference" tests="14" skipped="0" failures="0" errors="0" timestamp="2026-02-27T01:23:33.013Z" hostname="caio-sabino" time="0.077">
  <properties/>
  <testcase name="deve criar preferência com múltiplos itens" classname="com.marketplace.checkout.service.CheckoutServiceTest$CreatePreference" time="0.007"/>
  <testcase name="deve criar preferência com backUrls" classname="com.marketplace.checkout.service.CheckoutServiceTest$CreatePreference" time="0.004"/>
  <testcase name="deve criar preferência com payer sem phone e sem address" classname="com.marketplace.checkout.service.CheckoutServiceTest$CreatePreference" time="0.004"/>
  <testcase name="deve criar preferência sem notificationUrl (ambas em branco)" classname="com.marketplace.checkout.service.CheckoutServiceTest$CreatePreference" time="0.014"/>
  <testcase name="deve criar preferência com autoReturn null" classname="com.marketplace.checkout.service.CheckoutServiceTest$CreatePreference" time="0.005"/>
  <testcase name="deve criar preferência com autoReturn false" classname="com.marketplace.checkout.service.CheckoutServiceTest$CreatePreference" time="0.005"/>
  <testcase name="deve criar preferência com sucesso - request mínimo (sem payer)" classname="com.marketplace.checkout.service.CheckoutServiceTest$CreatePreference" time="0.003"/>
  <testcase name="deve chamar o client exatamente uma vez" classname="com.marketplace.checkout.service.CheckoutServiceTest$CreatePreference" time="0.008"/>
  <testcase name="deve criar preferência com payer completo e salvar no repositório" classname="com.marketplace.checkout.service.CheckoutServiceTest$CreatePreference" time="0.004"/>
  <testcase name="deve usar notificationUrl do request quando fornecida" classname="com.marketplace.checkout.service.CheckoutServiceTest$CreatePreference" time="0.003"/>
  <testcase name="deve usar defaultNotificationUrl quando request não tem url" classname="com.marketplace.checkout.service.CheckoutServiceTest$CreatePreference" time="0.004"/>
  <testcase name="deve lançar CheckoutException com status 500 quando MPException ocorre" classname="com.marketplace.checkout.service.CheckoutServiceTest$CreatePreference" time="0.004"/>
  <testcase name="deve lançar CheckoutException quando MPApiException ocorre" classname="com.marketplace.checkout.service.CheckoutServiceTest$CreatePreference" time="0.003"/>
  <testcase name="não deve chamar o repositório quando payer é nulo" classname="com.marketplace.checkout.service.CheckoutServiceTest$CreatePreference" time="0.002"/>
  <system-out><![CDATA[22:23:33.017 [Test worker] INFO com.marketplace.checkout.service.CheckoutService -- Creating Mercado Pago preference for externalRef: null
22:23:33.020 [Test worker] INFO com.marketplace.checkout.service.CheckoutService -- Preference created successfully. ID: PREF-123
22:23:33.023 [Test worker] INFO com.marketplace.checkout.service.CheckoutService -- Creating Mercado Pago preference for externalRef: ORDER-001
22:23:33.024 [Test worker] INFO com.marketplace.checkout.service.CheckoutService -- Preference created successfully. ID: PREF-123
22:23:33.027 [Test worker] INFO com.marketplace.checkout.service.CheckoutService -- Creating Mercado Pago preference for externalRef: ORDER-001
22:23:33.028 [Test worker] INFO com.marketplace.checkout.service.CheckoutService -- Preference created successfully. ID: PREF-123
22:23:33.043 [Test worker] INFO com.marketplace.checkout.service.CheckoutService -- Creating Mercado Pago preference for externalRef: ORDER-001
22:23:33.043 [Test worker] INFO com.marketplace.checkout.service.CheckoutService -- Preference created successfully. ID: PREF-123
22:23:33.047 [Test worker] INFO com.marketplace.checkout.service.CheckoutService -- Creating Mercado Pago preference for externalRef: ORDER-001
22:23:33.048 [Test worker] INFO com.marketplace.checkout.service.CheckoutService -- Preference created successfully. ID: PREF-123
22:23:33.054 [Test worker] INFO com.marketplace.checkout.service.CheckoutService -- Creating Mercado Pago preference for externalRef: ORDER-001
22:23:33.054 [Test worker] INFO com.marketplace.checkout.service.CheckoutService -- Preference created successfully. ID: PREF-123
22:23:33.057 [Test worker] INFO com.marketplace.checkout.service.CheckoutService -- Creating Mercado Pago preference for externalRef: ORDER-001
22:23:33.057 [Test worker] INFO com.marketplace.checkout.service.CheckoutService -- Preference created successfully. ID: PREF-123
22:23:33.061 [Test worker] INFO com.marketplace.checkout.service.CheckoutService -- Creating Mercado Pago preference for externalRef: ORDER-001
22:23:33.062 [Test worker] INFO com.marketplace.checkout.service.CheckoutService -- Preference created successfully. ID: PREF-123
22:23:33.070 [Test worker] INFO com.marketplace.checkout.service.CheckoutService -- Creating Mercado Pago preference for externalRef: ORDER-001
22:23:33.071 [Test worker] INFO com.marketplace.checkout.service.CheckoutService -- Preference created successfully. ID: PREF-123
22:23:33.074 [Test worker] INFO com.marketplace.checkout.service.CheckoutService -- Creating Mercado Pago preference for externalRef: ORDER-001
22:23:33.074 [Test worker] INFO com.marketplace.checkout.service.CheckoutService -- Preference created successfully. ID: PREF-123
22:23:33.078 [Test worker] INFO com.marketplace.checkout.service.CheckoutService -- Creating Mercado Pago preference for externalRef: ORDER-001
22:23:33.079 [Test worker] INFO com.marketplace.checkout.service.CheckoutService -- Preference created successfully. ID: PREF-123
22:23:33.082 [Test worker] INFO com.marketplace.checkout.service.CheckoutService -- Creating Mercado Pago preference for externalRef: ORDER-001
22:23:33.083 [Test worker] ERROR com.marketplace.checkout.service.CheckoutService -- Mercado Pago SDK error: SDK error
22:23:33.086 [Test worker] INFO com.marketplace.checkout.service.CheckoutService -- Creating Mercado Pago preference for externalRef: ORDER-001
22:23:33.087 [Test worker] ERROR com.marketplace.checkout.service.CheckoutService -- Mercado Pago API error: status=401, message=Unauthorized
22:23:33.090 [Test worker] INFO com.marketplace.checkout.service.CheckoutService -- Creating Mercado Pago preference for externalRef: ORDER-001
22:23:33.090 [Test worker] INFO com.marketplace.checkout.service.CheckoutService -- Preference created successfully. ID: PREF-123
]]></system-out>
  <system-err><![CDATA[]]></system-err>
</testsuite>
