<?xml version="1.0" encoding="UTF-8"?>
<testsuite name="createPreference" tests="14" skipped="0" failures="0" errors="0" timestamp="2026-03-09T22:54:43.182Z" hostname="caio-sabino" time="0.045">
  <properties/>
  <testcase name="deve criar preferência com múltiplos itens" classname="com.marketplace.checkout.service.CheckoutServiceTest$CreatePreferenceEntity" time="0.005"/>
  <testcase name="deve criar preferência com backUrls" classname="com.marketplace.checkout.service.CheckoutServiceTest$CreatePreferenceEntity" time="0.004"/>
  <testcase name="deve criar preferência com payer sem phone e sem address" classname="com.marketplace.checkout.service.CheckoutServiceTest$CreatePreferenceEntity" time="0.004"/>
  <testcase name="deve criar preferência sem notificationUrl (ambas em branco)" classname="com.marketplace.checkout.service.CheckoutServiceTest$CreatePreferenceEntity" time="0.002"/>
  <testcase name="deve criar preferência com autoReturn null" classname="com.marketplace.checkout.service.CheckoutServiceTest$CreatePreferenceEntity" time="0.003"/>
  <testcase name="deve criar preferência com autoReturn false" classname="com.marketplace.checkout.service.CheckoutServiceTest$CreatePreferenceEntity" time="0.002"/>
  <testcase name="deve criar preferência com sucesso - request mínimo (sem payer)" classname="com.marketplace.checkout.service.CheckoutServiceTest$CreatePreferenceEntity" time="0.003"/>
  <testcase name="deve chamar o client exatamente uma vez" classname="com.marketplace.checkout.service.CheckoutServiceTest$CreatePreferenceEntity" time="0.002"/>
  <testcase name="deve criar preferência com payer completo e salvar no repositório" classname="com.marketplace.checkout.service.CheckoutServiceTest$CreatePreferenceEntity" time="0.003"/>
  <testcase name="deve usar notificationUrl do request quando fornecida" classname="com.marketplace.checkout.service.CheckoutServiceTest$CreatePreferenceEntity" time="0.002"/>
  <testcase name="deve usar defaultNotificationUrl quando request não tem url" classname="com.marketplace.checkout.service.CheckoutServiceTest$CreatePreferenceEntity" time="0.002"/>
  <testcase name="deve lançar CheckoutException com status 500 quando MPException ocorre" classname="com.marketplace.checkout.service.CheckoutServiceTest$CreatePreferenceEntity" time="0.003"/>
  <testcase name="deve lançar CheckoutException quando MPApiException ocorre" classname="com.marketplace.checkout.service.CheckoutServiceTest$CreatePreferenceEntity" time="0.003"/>
  <testcase name="não deve chamar o repositório quando payer é nulo" classname="com.marketplace.checkout.service.CheckoutServiceTest$CreatePreferenceEntity" time="0.002"/>
  <system-out><![CDATA[19:54:43.185 [Test worker] INFO com.marketplace.checkout.service.CheckoutService -- Creating Mercado Pago preference for externalRef: null
19:54:43.187 [Test worker] INFO com.marketplace.checkout.service.CheckoutService -- Preference created successfully. ID: PREF-123
19:54:43.190 [Test worker] INFO com.marketplace.checkout.service.CheckoutService -- Creating Mercado Pago preference for externalRef: ORDER-001
19:54:43.191 [Test worker] INFO com.marketplace.checkout.service.CheckoutService -- Preference created successfully. ID: PREF-123
19:54:43.194 [Test worker] INFO com.marketplace.checkout.service.CheckoutService -- Creating Mercado Pago preference for externalRef: ORDER-001
19:54:43.194 [Test worker] INFO com.marketplace.checkout.service.CheckoutService -- Preference created successfully. ID: PREF-123
19:54:43.197 [Test worker] INFO com.marketplace.checkout.service.CheckoutService -- Creating Mercado Pago preference for externalRef: ORDER-001
19:54:43.197 [Test worker] INFO com.marketplace.checkout.service.CheckoutService -- Preference created successfully. ID: PREF-123
19:54:43.199 [Test worker] INFO com.marketplace.checkout.service.CheckoutService -- Creating Mercado Pago preference for externalRef: ORDER-001
19:54:43.200 [Test worker] INFO com.marketplace.checkout.service.CheckoutService -- Preference created successfully. ID: PREF-123
19:54:43.202 [Test worker] INFO com.marketplace.checkout.service.CheckoutService -- Creating Mercado Pago preference for externalRef: ORDER-001
19:54:43.202 [Test worker] INFO com.marketplace.checkout.service.CheckoutService -- Preference created successfully. ID: PREF-123
19:54:43.204 [Test worker] INFO com.marketplace.checkout.service.CheckoutService -- Creating Mercado Pago preference for externalRef: ORDER-001
19:54:43.205 [Test worker] INFO com.marketplace.checkout.service.CheckoutService -- Preference created successfully. ID: PREF-123
19:54:43.207 [Test worker] INFO com.marketplace.checkout.service.CheckoutService -- Creating Mercado Pago preference for externalRef: ORDER-001
19:54:43.207 [Test worker] INFO com.marketplace.checkout.service.CheckoutService -- Preference created successfully. ID: PREF-123
19:54:43.210 [Test worker] INFO com.marketplace.checkout.service.CheckoutService -- Creating Mercado Pago preference for externalRef: ORDER-001
19:54:43.211 [Test worker] INFO com.marketplace.checkout.service.CheckoutService -- Preference created successfully. ID: PREF-123
19:54:43.214 [Test worker] INFO com.marketplace.checkout.service.CheckoutService -- Creating Mercado Pago preference for externalRef: ORDER-001
19:54:43.214 [Test worker] INFO com.marketplace.checkout.service.CheckoutService -- Preference created successfully. ID: PREF-123
19:54:43.217 [Test worker] INFO com.marketplace.checkout.service.CheckoutService -- Creating Mercado Pago preference for externalRef: ORDER-001
19:54:43.217 [Test worker] INFO com.marketplace.checkout.service.CheckoutService -- Preference created successfully. ID: PREF-123
19:54:43.220 [Test worker] INFO com.marketplace.checkout.service.CheckoutService -- Creating Mercado Pago preference for externalRef: ORDER-001
19:54:43.220 [Test worker] ERROR com.marketplace.checkout.service.CheckoutService -- Mercado Pago SDK error: SDK error
19:54:43.223 [Test worker] INFO com.marketplace.checkout.service.CheckoutService -- Creating Mercado Pago preference for externalRef: ORDER-001
19:54:43.224 [Test worker] ERROR com.marketplace.checkout.service.CheckoutService -- Mercado Pago API error: status=401, message=Unauthorized
19:54:43.227 [Test worker] INFO com.marketplace.checkout.service.CheckoutService -- Creating Mercado Pago preference for externalRef: ORDER-001
19:54:43.227 [Test worker] INFO com.marketplace.checkout.service.CheckoutService -- Preference created successfully. ID: PREF-123
]]></system-out>
  <system-err><![CDATA[]]></system-err>
</testsuite>
