<?xml version="1.0" encoding="UTF-8"?>
<testsuite name="CheckoutController" tests="6" skipped="0" failures="0" errors="0" timestamp="2026-03-10T09:45:13.981Z" hostname="caio-sabino" time="2.525">
  <properties/>
  <testcase name="deve mapear CheckoutException no GET" classname="com.marketplace.checkout.controller.CheckoutControllerTest" time="2.144"/>
  <testcase name="deve retornar 400 quando request for inválido" classname="com.marketplace.checkout.controller.CheckoutControllerTest" time="0.182"/>
  <testcase name="deve criar preferência e retornar 201" classname="com.marketplace.checkout.controller.CheckoutControllerTest" time="0.088"/>
  <testcase name="deve criar pagamento pix e retornar 201" classname="com.marketplace.checkout.controller.CheckoutControllerTest" time="0.046"/>
  <testcase name="deve buscar preferência por id" classname="com.marketplace.checkout.controller.CheckoutControllerTest" time="0.016"/>
  <testcase name="deve retornar 400 quando request pix for inválido" classname="com.marketplace.checkout.controller.CheckoutControllerTest" time="0.045"/>
  <system-out><![CDATA[Standard Commons Logging discovery in action with spring-jcl: please remove commons-logging.jar from classpath in order to avoid potential conflicts
06:45:15.260 [Test worker] INFO org.hibernate.validator.internal.util.Version -- HV000001: Hibernate Validator 8.0.2.Final
06:45:15.910 [Test worker] INFO org.springframework.mock.web.MockServletContext -- Initializing Spring TestDispatcherServlet ''
06:45:15.910 [Test worker] INFO org.springframework.test.web.servlet.TestDispatcherServlet -- Initializing Servlet ''
06:45:15.914 [Test worker] INFO org.springframework.test.web.servlet.TestDispatcherServlet -- Completed initialization in 2 ms
06:45:16.009 [Test worker] INFO com.marketplace.checkout.controller.CheckoutController -- GET /api/checkout/preferences/PREF-404
06:45:16.015 [Test worker] ERROR com.marketplace.checkout.exception.GlobalExceptionHandler -- Checkout error: Preferência não encontrada
06:45:16.140 [Test worker] INFO org.springframework.mock.web.MockServletContext -- Initializing Spring TestDispatcherServlet ''
06:45:16.141 [Test worker] INFO org.springframework.test.web.servlet.TestDispatcherServlet -- Initializing Servlet ''
06:45:16.141 [Test worker] INFO org.springframework.test.web.servlet.TestDispatcherServlet -- Completed initialization in 0 ms
06:45:16.321 [Test worker] INFO org.springframework.mock.web.MockServletContext -- Initializing Spring TestDispatcherServlet ''
06:45:16.321 [Test worker] INFO org.springframework.test.web.servlet.TestDispatcherServlet -- Initializing Servlet ''
06:45:16.322 [Test worker] INFO org.springframework.test.web.servlet.TestDispatcherServlet -- Completed initialization in 1 ms
06:45:16.391 [Test worker] INFO com.marketplace.checkout.controller.CheckoutController -- POST /api/checkout/preferences - Creating preference
06:45:16.411 [Test worker] INFO org.springframework.mock.web.MockServletContext -- Initializing Spring TestDispatcherServlet ''
06:45:16.411 [Test worker] INFO org.springframework.test.web.servlet.TestDispatcherServlet -- Initializing Servlet ''
06:45:16.411 [Test worker] INFO org.springframework.test.web.servlet.TestDispatcherServlet -- Completed initialization in 0 ms
06:45:16.440 [Test worker] INFO com.marketplace.checkout.controller.CheckoutController -- POST /api/checkout/pix/payments - Creating pix payment
06:45:16.455 [Test worker] INFO org.springframework.mock.web.MockServletContext -- Initializing Spring TestDispatcherServlet ''
06:45:16.455 [Test worker] INFO org.springframework.test.web.servlet.TestDispatcherServlet -- Initializing Servlet ''
06:45:16.456 [Test worker] INFO org.springframework.test.web.servlet.TestDispatcherServlet -- Completed initialization in 1 ms
06:45:16.457 [Test worker] INFO com.marketplace.checkout.controller.CheckoutController -- GET /api/checkout/preferences/PREF-123
06:45:16.471 [Test worker] INFO org.springframework.mock.web.MockServletContext -- Initializing Spring TestDispatcherServlet ''
06:45:16.472 [Test worker] INFO org.springframework.test.web.servlet.TestDispatcherServlet -- Initializing Servlet ''
06:45:16.472 [Test worker] INFO org.springframework.test.web.servlet.TestDispatcherServlet -- Completed initialization in 0 ms
]]></system-out>
  <system-err><![CDATA[Mockito is currently self-attaching to enable the inline-mock-maker. This will no longer work in future releases of the JDK. Please add Mockito as an agent to your build what is described in Mockito's documentation: https://javadoc.io/doc/org.mockito/mockito-core/latest/org/mockito/Mockito.html#0.3
WARNING: A Java agent has been loaded dynamically (/home/caio/.gradle/caches/modules-2/files-2.1/net.bytebuddy/byte-buddy-agent/1.15.11/a38b16385e867f59a641330f0362ebe742788ed8/byte-buddy-agent-1.15.11.jar)
WARNING: If a serviceability tool is in use, please run with -XX:+EnableDynamicAgentLoading to hide this warning
WARNING: If a serviceability tool is not in use, please run with -Djdk.instrument.traceUsage for more information
WARNING: Dynamic loading of agents will be disallowed by default in a future release
]]></system-err>
</testsuite>
